[2021-08-18 22:45:57.018] [sharedprocess] [info] Deleted from disk lintangwisesa.arduino /home/yves/.vscode-oss/extensions/lintangwisesa.arduino-0.3.3
[2021-08-18 22:46:06.532] [sharedprocess] [info] [logs cleanup]: Starting to clean up old logs.
[2021-08-18 22:46:26.532] [sharedprocess] [info] [code cache cleanup]: Starting to clean up old code cache folders.
[2021-08-18 22:46:26.533] [sharedprocess] [info] [storage cleanup]: Starting to clean up storage folders.
[2021-08-18 22:46:36.533] [sharedprocess] [info] [language pack cache cleanup]: Starting to clean up unused language packs.
[2021-08-18 22:56:23.033] [sharedprocess] [info] Installing extension: muhammad-sammy.csharp
[2021-08-18 22:56:26.530] [sharedprocess] [info] Downloaded extension: muhammad-sammy.csharp /home/yves/.config/VSCodium/CachedExtensionVSIXs/muhammad-sammy.csharp-1.23.14
[2021-08-18 22:56:26.592] [sharedprocess] [info] Extracted extension to /home/yves/.vscode-oss/extensions/.dc687c7d-c163-462e-ad86-af6edf076363: muhammad-sammy.csharp
[2021-08-18 22:56:26.621] [sharedprocess] [info] Renamed to /home/yves/.vscode-oss/extensions/muhammad-sammy.csharp-1.23.14
[2021-08-18 22:56:26.628] [sharedprocess] [info] Extracting completed. muhammad-sammy.csharp
[2021-08-18 22:56:26.671] [sharedprocess] [info] Extension installed successfully: muhammad-sammy.csharp
[2021-08-18 22:57:11.282] [sharedprocess] [info] Installing extension: madeindjs.notable
[2021-08-18 22:57:16.233] [sharedprocess] [info] Downloaded extension: madeindjs.notable /home/yves/.config/VSCodium/CachedExtensionVSIXs/madeindjs.notable-0.2.0
[2021-08-18 22:57:16.769] [sharedprocess] [info] Extracted extension to /home/yves/.vscode-oss/extensions/.26af5283-006c-4859-a9e1-21d7f80f2124: madeindjs.notable
[2021-08-18 22:57:16.865] [sharedprocess] [info] Renamed to /home/yves/.vscode-oss/extensions/madeindjs.notable-0.2.0
[2021-08-18 22:57:16.867] [sharedprocess] [info] Extracting completed. madeindjs.notable
[2021-08-18 22:57:16.907] [sharedprocess] [info] Extension installed successfully: madeindjs.notable
[2021-08-18 23:27:24.743] [sharedprocess] [info] Installing extension: tomi.xajssnippets
[2021-08-18 23:27:25.089] [sharedprocess] [info] Downloaded extension: tomi.xajssnippets /home/yves/.config/VSCodium/CachedExtensionVSIXs/tomi.xajssnippets-1.2.0
[2021-08-18 23:27:25.100] [sharedprocess] [info] Extracted extension to /home/yves/.vscode-oss/extensions/.a2e5d533-14ae-4153-bd87-f4f1321b9065: tomi.xajssnippets
[2021-08-18 23:27:25.145] [sharedprocess] [info] Renamed to /home/yves/.vscode-oss/extensions/tomi.xajssnippets-1.2.0
[2021-08-18 23:27:25.148] [sharedprocess] [info] Extracting completed. tomi.xajssnippets
[2021-08-18 23:27:25.181] [sharedprocess] [info] Extension installed successfully: tomi.xajssnippets
