[2021-08-18 20:35:58.230] [renderer1] [error] EACCES: permission denied, open '/usr/share/vscodium-bin/resources/app/extensions/json-language-features/package.json': Error: EACCES: permission denied, open '/usr/share/vscodium-bin/resources/app/extensions/json-language-features/package.json'
[2021-08-18 20:35:58.326] [renderer1] [error] EACCES: permission denied, open '/usr/share/vscodium-bin/resources/app/extensions/json/package.json': Error: EACCES: permission denied, open '/usr/share/vscodium-bin/resources/app/extensions/json/package.json'
[2021-08-18 20:35:58.338] [renderer1] [error] EACCES: permission denied, open '/usr/share/vscodium-bin/resources/app/extensions/yaml/package.json': Error: EACCES: permission denied, open '/usr/share/vscodium-bin/resources/app/extensions/yaml/package.json'
[2021-08-18 20:35:58.343] [renderer1] [error] EACCES: permission denied, open '/usr/share/vscodium-bin/resources/app/extensions/html-language-features/package.json': Error: EACCES: permission denied, open '/usr/share/vscodium-bin/resources/app/extensions/html-language-features/package.json'
[2021-08-18 20:35:58.346] [renderer1] [error] EACCES: permission denied, open '/usr/share/vscodium-bin/resources/app/extensions/cpp/package.json': Error: EACCES: permission denied, open '/usr/share/vscodium-bin/resources/app/extensions/cpp/package.json'
[2021-08-18 20:35:58.363] [renderer1] [error] EACCES: permission denied, open '/usr/share/vscodium-bin/resources/app/extensions/html/package.json': Error: EACCES: permission denied, open '/usr/share/vscodium-bin/resources/app/extensions/html/package.json'
[2021-08-18 20:35:58.365] [renderer1] [error] EACCES: permission denied, open '/usr/share/vscodium-bin/resources/app/extensions/css/package.json': Error: EACCES: permission denied, open '/usr/share/vscodium-bin/resources/app/extensions/css/package.json'
[2021-08-18 20:35:58.368] [renderer1] [error] EACCES: permission denied, open '/usr/share/vscodium-bin/resources/app/extensions/markdown-basics/package.json': Error: EACCES: permission denied, open '/usr/share/vscodium-bin/resources/app/extensions/markdown-basics/package.json'
[2021-08-18 20:35:58.374] [renderer1] [error] EACCES: permission denied, open '/usr/share/vscodium-bin/resources/app/extensions/docker/package.json': Error: EACCES: permission denied, open '/usr/share/vscodium-bin/resources/app/extensions/docker/package.json'
[2021-08-18 20:35:58.378] [renderer1] [error] EACCES: permission denied, open '/usr/share/vscodium-bin/resources/app/extensions/javascript/package.json': Error: EACCES: permission denied, open '/usr/share/vscodium-bin/resources/app/extensions/javascript/package.json'
[2021-08-18 20:35:58.380] [renderer1] [error] EACCES: permission denied, open '/usr/share/vscodium-bin/resources/app/extensions/java/package.json': Error: EACCES: permission denied, open '/usr/share/vscodium-bin/resources/app/extensions/java/package.json'
[2021-08-18 20:35:58.382] [renderer1] [error] EACCES: permission denied, open '/usr/share/vscodium-bin/resources/app/extensions/log/package.json': Error: EACCES: permission denied, open '/usr/share/vscodium-bin/resources/app/extensions/log/package.json'
[2021-08-18 20:35:58.385] [renderer1] [error] EACCES: permission denied, open '/usr/share/vscodium-bin/resources/app/extensions/configuration-editing/package.json': Error: EACCES: permission denied, open '/usr/share/vscodium-bin/resources/app/extensions/configuration-editing/package.json'
[2021-08-18 20:35:58.388] [renderer1] [error] EACCES: permission denied, open '/usr/share/vscodium-bin/resources/app/extensions/debug-auto-launch/package.json': Error: EACCES: permission denied, open '/usr/share/vscodium-bin/resources/app/extensions/debug-auto-launch/package.json'
[2021-08-18 20:35:58.393] [renderer1] [error] EACCES: permission denied, open '/usr/share/vscodium-bin/resources/app/extensions/make/package.json': Error: EACCES: permission denied, open '/usr/share/vscodium-bin/resources/app/extensions/make/package.json'
[2021-08-18 20:35:58.396] [renderer1] [error] EACCES: permission denied, open '/usr/share/vscodium-bin/resources/app/extensions/less/package.json': Error: EACCES: permission denied, open '/usr/share/vscodium-bin/resources/app/extensions/less/package.json'
[2021-08-18 20:35:58.399] [renderer1] [error] EACCES: permission denied, open '/usr/share/vscodium-bin/resources/app/extensions/handlebars/package.json': Error: EACCES: permission denied, open '/usr/share/vscodium-bin/resources/app/extensions/handlebars/package.json'
[2021-08-18 20:35:58.404] [renderer1] [error] EACCES: permission denied, open '/usr/share/vscodium-bin/resources/app/extensions/go/package.json': Error: EACCES: permission denied, open '/usr/share/vscodium-bin/resources/app/extensions/go/package.json'
[2021-08-18 20:35:58.414] [renderer1] [error] EACCES: permission denied, open '/usr/share/vscodium-bin/resources/app/extensions/bat/package.json': Error: EACCES: permission denied, open '/usr/share/vscodium-bin/resources/app/extensions/bat/package.json'
[2021-08-18 20:35:58.418] [renderer1] [error] EACCES: permission denied, open '/usr/share/vscodium-bin/resources/app/extensions/clojure/package.json': Error: EACCES: permission denied, open '/usr/share/vscodium-bin/resources/app/extensions/clojure/package.json'
[2021-08-18 20:35:58.421] [renderer1] [error] EACCES: permission denied, open '/usr/share/vscodium-bin/resources/app/extensions/coffeescript/package.json': Error: EACCES: permission denied, open '/usr/share/vscodium-bin/resources/app/extensions/coffeescript/package.json'
[2021-08-18 20:35:58.424] [renderer1] [error] EACCES: permission denied, open '/usr/share/vscodium-bin/resources/app/extensions/emmet/package.json': Error: EACCES: permission denied, open '/usr/share/vscodium-bin/resources/app/extensions/emmet/package.json'
[2021-08-18 20:35:58.428] [renderer1] [error] EACCES: permission denied, open '/usr/share/vscodium-bin/resources/app/extensions/groovy/package.json': Error: EACCES: permission denied, open '/usr/share/vscodium-bin/resources/app/extensions/groovy/package.json'
[2021-08-18 20:35:58.434] [renderer1] [error] EACCES: permission denied, open '/usr/share/vscodium-bin/resources/app/extensions/grunt/package.json': Error: EACCES: permission denied, open '/usr/share/vscodium-bin/resources/app/extensions/grunt/package.json'
[2021-08-18 20:35:58.437] [renderer1] [error] EACCES: permission denied, open '/usr/share/vscodium-bin/resources/app/extensions/gulp/package.json': Error: EACCES: permission denied, open '/usr/share/vscodium-bin/resources/app/extensions/gulp/package.json'
[2021-08-18 20:35:58.441] [renderer1] [error] EACCES: permission denied, open '/usr/share/vscodium-bin/resources/app/extensions/jake/package.json': Error: EACCES: permission denied, open '/usr/share/vscodium-bin/resources/app/extensions/jake/package.json'
[2021-08-18 20:35:58.445] [renderer1] [error] EACCES: permission denied, open '/usr/share/vscodium-bin/resources/app/extensions/shellscript/package.json': Error: EACCES: permission denied, open '/usr/share/vscodium-bin/resources/app/extensions/shellscript/package.json'
[2021-08-18 20:35:58.448] [renderer1] [error] EACCES: permission denied, open '/usr/share/vscodium-bin/resources/app/extensions/xml/package.json': Error: EACCES: permission denied, open '/usr/share/vscodium-bin/resources/app/extensions/xml/package.json'
[2021-08-18 20:35:58.451] [renderer1] [error] EACCES: permission denied, open '/usr/share/vscodium-bin/resources/app/extensions/ini/package.json': Error: EACCES: permission denied, open '/usr/share/vscodium-bin/resources/app/extensions/ini/package.json'
[2021-08-18 20:35:58.454] [renderer1] [error] EACCES: permission denied, open '/usr/share/vscodium-bin/resources/app/extensions/python/package.json': Error: EACCES: permission denied, open '/usr/share/vscodium-bin/resources/app/extensions/python/package.json'
[2021-08-18 20:35:58.457] [renderer1] [error] EACCES: permission denied, open '/usr/share/vscodium-bin/resources/app/extensions/csharp/package.json': Error: EACCES: permission denied, open '/usr/share/vscodium-bin/resources/app/extensions/csharp/package.json'
[2021-08-18 20:35:58.460] [renderer1] [error] EACCES: permission denied, open '/usr/share/vscodium-bin/resources/app/extensions/lua/package.json': Error: EACCES: permission denied, open '/usr/share/vscodium-bin/resources/app/extensions/lua/package.json'
[2021-08-18 20:35:58.463] [renderer1] [error] EACCES: permission denied, open '/usr/share/vscodium-bin/resources/app/extensions/fsharp/package.json': Error: EACCES: permission denied, open '/usr/share/vscodium-bin/resources/app/extensions/fsharp/package.json'
[2021-08-18 20:35:58.466] [renderer1] [error] EACCES: permission denied, open '/usr/share/vscodium-bin/resources/app/extensions/hlsl/package.json': Error: EACCES: permission denied, open '/usr/share/vscodium-bin/resources/app/extensions/hlsl/package.json'
[2021-08-18 20:35:58.470] [renderer1] [error] EACCES: permission denied, open '/usr/share/vscodium-bin/resources/app/extensions/typescript-basics/package.json': Error: EACCES: permission denied, open '/usr/share/vscodium-bin/resources/app/extensions/typescript-basics/package.json'
[2021-08-18 20:35:58.473] [renderer1] [error] EACCES: permission denied, open '/usr/share/vscodium-bin/resources/app/extensions/merge-conflict/package.json': Error: EACCES: permission denied, open '/usr/share/vscodium-bin/resources/app/extensions/merge-conflict/package.json'
[2021-08-18 20:35:58.478] [renderer1] [error] EACCES: permission denied, open '/usr/share/vscodium-bin/resources/app/extensions/typescript-language-features/package.json': Error: EACCES: permission denied, open '/usr/share/vscodium-bin/resources/app/extensions/typescript-language-features/package.json'
[2021-08-18 20:35:58.484] [renderer1] [error] EACCES: permission denied, open '/usr/share/vscodium-bin/resources/app/extensions/theme-monokai/package.json': Error: EACCES: permission denied, open '/usr/share/vscodium-bin/resources/app/extensions/theme-monokai/package.json'
[2021-08-18 20:35:58.487] [renderer1] [error] EACCES: permission denied, open '/usr/share/vscodium-bin/resources/app/extensions/sql/package.json': Error: EACCES: permission denied, open '/usr/share/vscodium-bin/resources/app/extensions/sql/package.json'
[2021-08-18 20:35:58.492] [renderer1] [error] EACCES: permission denied, open '/usr/share/vscodium-bin/resources/app/extensions/powershell/package.json': Error: EACCES: permission denied, open '/usr/share/vscodium-bin/resources/app/extensions/powershell/package.json'
[2021-08-18 20:35:58.495] [renderer1] [error] EACCES: permission denied, open '/usr/share/vscodium-bin/resources/app/extensions/theme-solarized-dark/package.json': Error: EACCES: permission denied, open '/usr/share/vscodium-bin/resources/app/extensions/theme-solarized-dark/package.json'
[2021-08-18 20:35:58.498] [renderer1] [error] EACCES: permission denied, open '/usr/share/vscodium-bin/resources/app/extensions/theme-defaults/package.json': Error: EACCES: permission denied, open '/usr/share/vscodium-bin/resources/app/extensions/theme-defaults/package.json'
[2021-08-18 20:35:58.501] [renderer1] [error] EACCES: permission denied, open '/usr/share/vscodium-bin/resources/app/extensions/theme-quietlight/package.json': Error: EACCES: permission denied, open '/usr/share/vscodium-bin/resources/app/extensions/theme-quietlight/package.json'
[2021-08-18 20:38:12.036] [renderer1] [error] EACCES: permission denied, open '/usr/share/vscodium-bin/resources/app/extensions/json-language-features/package.json': Error: EACCES: permission denied, open '/usr/share/vscodium-bin/resources/app/extensions/json-language-features/package.json'
[2021-08-18 20:38:12.049] [renderer1] [error] EACCES: permission denied, open '/usr/share/vscodium-bin/resources/app/extensions/html-language-features/package.json': Error: EACCES: permission denied, open '/usr/share/vscodium-bin/resources/app/extensions/html-language-features/package.json'
[2021-08-18 20:38:12.055] [renderer1] [error] EACCES: permission denied, open '/usr/share/vscodium-bin/resources/app/extensions/json/package.json': Error: EACCES: permission denied, open '/usr/share/vscodium-bin/resources/app/extensions/json/package.json'
[2021-08-18 20:38:12.103] [renderer1] [error] EACCES: permission denied, open '/usr/share/vscodium-bin/resources/app/extensions/yaml/package.json': Error: EACCES: permission denied, open '/usr/share/vscodium-bin/resources/app/extensions/yaml/package.json'
[2021-08-18 20:38:12.110] [renderer1] [error] EACCES: permission denied, open '/usr/share/vscodium-bin/resources/app/extensions/cpp/package.json': Error: EACCES: permission denied, open '/usr/share/vscodium-bin/resources/app/extensions/cpp/package.json'
[2021-08-18 20:38:12.113] [renderer1] [error] EACCES: permission denied, open '/usr/share/vscodium-bin/resources/app/extensions/html/package.json': Error: EACCES: permission denied, open '/usr/share/vscodium-bin/resources/app/extensions/html/package.json'
[2021-08-18 20:38:12.116] [renderer1] [error] EACCES: permission denied, open '/usr/share/vscodium-bin/resources/app/extensions/css/package.json': Error: EACCES: permission denied, open '/usr/share/vscodium-bin/resources/app/extensions/css/package.json'
[2021-08-18 20:38:12.119] [renderer1] [error] EACCES: permission denied, open '/usr/share/vscodium-bin/resources/app/extensions/markdown-basics/package.json': Error: EACCES: permission denied, open '/usr/share/vscodium-bin/resources/app/extensions/markdown-basics/package.json'
[2021-08-18 20:38:12.122] [renderer1] [error] EACCES: permission denied, open '/usr/share/vscodium-bin/resources/app/extensions/docker/package.json': Error: EACCES: permission denied, open '/usr/share/vscodium-bin/resources/app/extensions/docker/package.json'
[2021-08-18 20:38:12.124] [renderer1] [error] EACCES: permission denied, open '/usr/share/vscodium-bin/resources/app/extensions/javascript/package.json': Error: EACCES: permission denied, open '/usr/share/vscodium-bin/resources/app/extensions/javascript/package.json'
[2021-08-18 20:38:12.130] [renderer1] [error] EACCES: permission denied, open '/usr/share/vscodium-bin/resources/app/extensions/java/package.json': Error: EACCES: permission denied, open '/usr/share/vscodium-bin/resources/app/extensions/java/package.json'
[2021-08-18 20:38:12.132] [renderer1] [error] EACCES: permission denied, open '/usr/share/vscodium-bin/resources/app/extensions/log/package.json': Error: EACCES: permission denied, open '/usr/share/vscodium-bin/resources/app/extensions/log/package.json'
[2021-08-18 20:38:12.135] [renderer1] [error] EACCES: permission denied, open '/usr/share/vscodium-bin/resources/app/extensions/configuration-editing/package.json': Error: EACCES: permission denied, open '/usr/share/vscodium-bin/resources/app/extensions/configuration-editing/package.json'
[2021-08-18 20:38:12.138] [renderer1] [error] EACCES: permission denied, open '/usr/share/vscodium-bin/resources/app/extensions/debug-auto-launch/package.json': Error: EACCES: permission denied, open '/usr/share/vscodium-bin/resources/app/extensions/debug-auto-launch/package.json'
[2021-08-18 20:38:12.144] [renderer1] [error] EACCES: permission denied, open '/usr/share/vscodium-bin/resources/app/extensions/make/package.json': Error: EACCES: permission denied, open '/usr/share/vscodium-bin/resources/app/extensions/make/package.json'
[2021-08-18 20:38:12.149] [renderer1] [error] EACCES: permission denied, open '/usr/share/vscodium-bin/resources/app/extensions/less/package.json': Error: EACCES: permission denied, open '/usr/share/vscodium-bin/resources/app/extensions/less/package.json'
[2021-08-18 20:38:12.153] [renderer1] [error] EACCES: permission denied, open '/usr/share/vscodium-bin/resources/app/extensions/handlebars/package.json': Error: EACCES: permission denied, open '/usr/share/vscodium-bin/resources/app/extensions/handlebars/package.json'
[2021-08-18 20:38:12.156] [renderer1] [error] EACCES: permission denied, open '/usr/share/vscodium-bin/resources/app/extensions/go/package.json': Error: EACCES: permission denied, open '/usr/share/vscodium-bin/resources/app/extensions/go/package.json'
[2021-08-18 20:38:12.162] [renderer1] [error] EACCES: permission denied, open '/usr/share/vscodium-bin/resources/app/extensions/bat/package.json': Error: EACCES: permission denied, open '/usr/share/vscodium-bin/resources/app/extensions/bat/package.json'
[2021-08-18 20:38:12.166] [renderer1] [error] EACCES: permission denied, open '/usr/share/vscodium-bin/resources/app/extensions/clojure/package.json': Error: EACCES: permission denied, open '/usr/share/vscodium-bin/resources/app/extensions/clojure/package.json'
[2021-08-18 20:38:12.170] [renderer1] [error] EACCES: permission denied, open '/usr/share/vscodium-bin/resources/app/extensions/coffeescript/package.json': Error: EACCES: permission denied, open '/usr/share/vscodium-bin/resources/app/extensions/coffeescript/package.json'
[2021-08-18 20:38:12.173] [renderer1] [error] EACCES: permission denied, open '/usr/share/vscodium-bin/resources/app/extensions/emmet/package.json': Error: EACCES: permission denied, open '/usr/share/vscodium-bin/resources/app/extensions/emmet/package.json'
[2021-08-18 20:38:12.176] [renderer1] [error] EACCES: permission denied, open '/usr/share/vscodium-bin/resources/app/extensions/groovy/package.json': Error: EACCES: permission denied, open '/usr/share/vscodium-bin/resources/app/extensions/groovy/package.json'
[2021-08-18 20:38:12.179] [renderer1] [error] EACCES: permission denied, open '/usr/share/vscodium-bin/resources/app/extensions/grunt/package.json': Error: EACCES: permission denied, open '/usr/share/vscodium-bin/resources/app/extensions/grunt/package.json'
[2021-08-18 20:38:12.184] [renderer1] [error] EACCES: permission denied, open '/usr/share/vscodium-bin/resources/app/extensions/gulp/package.json': Error: EACCES: permission denied, open '/usr/share/vscodium-bin/resources/app/extensions/gulp/package.json'
[2021-08-18 20:38:12.187] [renderer1] [error] EACCES: permission denied, open '/usr/share/vscodium-bin/resources/app/extensions/jake/package.json': Error: EACCES: permission denied, open '/usr/share/vscodium-bin/resources/app/extensions/jake/package.json'
[2021-08-18 20:38:12.189] [renderer1] [error] EACCES: permission denied, open '/usr/share/vscodium-bin/resources/app/extensions/shellscript/package.json': Error: EACCES: permission denied, open '/usr/share/vscodium-bin/resources/app/extensions/shellscript/package.json'
[2021-08-18 20:38:12.193] [renderer1] [error] EACCES: permission denied, open '/usr/share/vscodium-bin/resources/app/extensions/xml/package.json': Error: EACCES: permission denied, open '/usr/share/vscodium-bin/resources/app/extensions/xml/package.json'
[2021-08-18 20:38:12.196] [renderer1] [error] EACCES: permission denied, open '/usr/share/vscodium-bin/resources/app/extensions/ini/package.json': Error: EACCES: permission denied, open '/usr/share/vscodium-bin/resources/app/extensions/ini/package.json'
[2021-08-18 20:38:12.199] [renderer1] [error] EACCES: permission denied, open '/usr/share/vscodium-bin/resources/app/extensions/python/package.json': Error: EACCES: permission denied, open '/usr/share/vscodium-bin/resources/app/extensions/python/package.json'
[2021-08-18 20:38:12.220] [renderer1] [error] EACCES: permission denied, open '/usr/share/vscodium-bin/resources/app/extensions/csharp/package.json': Error: EACCES: permission denied, open '/usr/share/vscodium-bin/resources/app/extensions/csharp/package.json'
[2021-08-18 20:38:12.223] [renderer1] [error] EACCES: permission denied, open '/usr/share/vscodium-bin/resources/app/extensions/lua/package.json': Error: EACCES: permission denied, open '/usr/share/vscodium-bin/resources/app/extensions/lua/package.json'
[2021-08-18 20:38:12.228] [renderer1] [error] EACCES: permission denied, open '/usr/share/vscodium-bin/resources/app/extensions/fsharp/package.json': Error: EACCES: permission denied, open '/usr/share/vscodium-bin/resources/app/extensions/fsharp/package.json'
[2021-08-18 20:38:12.232] [renderer1] [error] EACCES: permission denied, open '/usr/share/vscodium-bin/resources/app/extensions/hlsl/package.json': Error: EACCES: permission denied, open '/usr/share/vscodium-bin/resources/app/extensions/hlsl/package.json'
[2021-08-18 20:38:12.265] [renderer1] [error] EACCES: permission denied, open '/usr/share/vscodium-bin/resources/app/extensions/typescript-basics/package.json': Error: EACCES: permission denied, open '/usr/share/vscodium-bin/resources/app/extensions/typescript-basics/package.json'
[2021-08-18 20:38:12.268] [renderer1] [error] EACCES: permission denied, open '/usr/share/vscodium-bin/resources/app/extensions/merge-conflict/package.json': Error: EACCES: permission denied, open '/usr/share/vscodium-bin/resources/app/extensions/merge-conflict/package.json'
[2021-08-18 20:38:12.271] [renderer1] [error] EACCES: permission denied, open '/usr/share/vscodium-bin/resources/app/extensions/typescript-language-features/package.json': Error: EACCES: permission denied, open '/usr/share/vscodium-bin/resources/app/extensions/typescript-language-features/package.json'
[2021-08-18 20:38:12.273] [renderer1] [error] EACCES: permission denied, open '/usr/share/vscodium-bin/resources/app/extensions/sql/package.json': Error: EACCES: permission denied, open '/usr/share/vscodium-bin/resources/app/extensions/sql/package.json'
[2021-08-18 20:38:12.280] [renderer1] [error] EACCES: permission denied, open '/usr/share/vscodium-bin/resources/app/extensions/theme-monokai/package.json': Error: EACCES: permission denied, open '/usr/share/vscodium-bin/resources/app/extensions/theme-monokai/package.json'
[2021-08-18 20:38:12.288] [renderer1] [error] EACCES: permission denied, open '/usr/share/vscodium-bin/resources/app/extensions/theme-solarized-dark/package.json': Error: EACCES: permission denied, open '/usr/share/vscodium-bin/resources/app/extensions/theme-solarized-dark/package.json'
[2021-08-18 20:38:12.293] [renderer1] [error] EACCES: permission denied, open '/usr/share/vscodium-bin/resources/app/extensions/powershell/package.json': Error: EACCES: permission denied, open '/usr/share/vscodium-bin/resources/app/extensions/powershell/package.json'
[2021-08-18 20:38:12.298] [renderer1] [error] EACCES: permission denied, open '/usr/share/vscodium-bin/resources/app/extensions/theme-defaults/package.json': Error: EACCES: permission denied, open '/usr/share/vscodium-bin/resources/app/extensions/theme-defaults/package.json'
[2021-08-18 20:38:12.301] [renderer1] [error] EACCES: permission denied, open '/usr/share/vscodium-bin/resources/app/extensions/theme-quietlight/package.json': Error: EACCES: permission denied, open '/usr/share/vscodium-bin/resources/app/extensions/theme-quietlight/package.json'
[2021-08-18 20:38:22.765] [renderer1] [error] EACCES: permission denied, open '/usr/share/vscodium-bin/resources/app/extensions/bat/package.json': Error: EACCES: permission denied, open '/usr/share/vscodium-bin/resources/app/extensions/bat/package.json'
[2021-08-18 20:38:22.813] [renderer1] [error] EACCES: permission denied, open '/usr/share/vscodium-bin/resources/app/extensions/debug-server-ready/package.json': Error: EACCES: permission denied, open '/usr/share/vscodium-bin/resources/app/extensions/debug-server-ready/package.json'
[2021-08-18 20:39:17.101] [renderer1] [error] EACCES: permission denied, open '/usr/share/vscodium-bin/resources/app/extensions/configuration-editing/package.json': Error: EACCES: permission denied, open '/usr/share/vscodium-bin/resources/app/extensions/configuration-editing/package.json'
